# JRE version: OpenJDK Runtime Environment (8.0_76-b03) (build 1.8.0_76-release-b03)
# Java VM: OpenJDK 64-Bit Server VM (25.76-b03 mixed mode windows-amd64 compressed oops)
Heap:
 PSYoungGen      total 135680K, used 56373K [0x00000000e0000000, 0x00000000eae80000, 0x0000000100000000)
  eden space 122368K, 35% used [0x00000000e0000000,0x00000000e2a15758,0x00000000e7780000)
  from space 13312K, 99% used [0x00000000ea180000,0x00000000eae78010,0x00000000eae80000)
  to   space 10752K, 0% used [0x00000000e7780000,0x00000000e7780000,0x00000000e8200000)
 ParOldGen       total 96256K, used 34953K [0x00000000a0000000, 0x00000000a5e00000, 0x00000000e0000000)
  object space 96256K, 36% used [0x00000000a0000000,0x00000000a2222618,0x00000000a5e00000)
 Metaspace       used 51987K, capacity 54034K, committed 54272K, reserved 1095680K
  class space    used 7119K, capacity 7655K, committed 7680K, reserved 1048576K
GC Heap History (10 events):
Event: 37.561 GC heap before
{Heap before GC invocations=10 (full 1):
 PSYoungGen      total 96256K, used 69237K [0x00000000e0000000, 0x00000000e6a00000, 0x0000000100000000)
  eden space 89088K, 70% used [0x00000000e0000000,0x00000000e3d63f98,0x00000000e5700000)
  from space 7168K, 88% used [0x00000000e6300000,0x00000000e6939678,0x00000000e6a00000)
  to   space 9728K, 0% used [0x00000000e5700000,0x00000000e5700000,0x00000000e6080000)
 ParOldGen       total 63488K, used 8869K [0x00000000a0000000, 0x00000000a3e00000, 0x00000000e0000000)
  object space 63488K, 13% used [0x00000000a0000000,0x00000000a08a9410,0x00000000a3e00000)
 Metaspace       used 34723K, capacity 35432K, committed 35496K, reserved 1079296K
  class space    used 4670K, capacity 4851K, committed 4864K, reserved 1048576K
Event: 37.594 GC heap after
Heap after GC invocations=10 (full 1):
 PSYoungGen      total 98816K, used 7423K [0x00000000e0000000, 0x00000000e8c80000, 0x0000000100000000)
  eden space 89088K, 0% used [0x00000000e0000000,0x00000000e0000000,0x00000000e5700000)
  from space 9728K, 76% used [0x00000000e5700000,0x00000000e5e3fd60,0x00000000e6080000)
  to   space 9728K, 0% used [0x00000000e8300000,0x00000000e8300000,0x00000000e8c80000)
 ParOldGen       total 63488K, used 11533K [0x00000000a0000000, 0x00000000a3e00000, 0x00000000e0000000)
  object space 63488K, 18% used [0x00000000a0000000,0x00000000a0b43440,0x00000000a3e00000)
 Metaspace       used 34723K, capacity 35432K, committed 35496K, reserved 1079296K
  class space    used 4670K, capacity 4851K, committed 4864K, reserved 1048576K
}
Event: 37.594 GC heap before
{Heap before GC invocations=11 (full 2):
 PSYoungGen      total 98816K, used 7423K [0x00000000e0000000, 0x00000000e8c80000, 0x0000000100000000)
  eden space 89088K, 0% used [0x00000000e0000000,0x00000000e0000000,0x00000000e5700000)
  from space 9728K, 76% used [0x00000000e5700000,0x00000000e5e3fd60,0x00000000e6080000)
  to   space 9728K, 0% used [0x00000000e8300000,0x00000000e8300000,0x00000000e8c80000)
 ParOldGen       total 63488K, used 11533K [0x00000000a0000000, 0x00000000a3e00000, 0x00000000e0000000)
  object space 63488K, 18% used [0x00000000a0000000,0x00000000a0b43440,0x00000000a3e00000)
 Metaspace       used 34723K, capacity 35432K, committed 35496K, reserved 1079296K
  class space    used 4670K, capacity 4851K, committed 4864K, reserved 1048576K
Event: 37.773 GC heap after
Heap after GC invocations=11 (full 2):
 PSYoungGen      total 98816K, used 0K [0x00000000e0000000, 0x00000000e8c80000, 0x0000000100000000)
  eden space 89088K, 0% used [0x00000000e0000000,0x00000000e0000000,0x00000000e5700000)
  from space 9728K, 0% used [0x00000000e5700000,0x00000000e5700000,0x00000000e6080000)
  to   space 9728K, 0% used [0x00000000e8300000,0x00000000e8300000,0x00000000e8c80000)
 ParOldGen       total 96256K, used 17537K [0x00000000a0000000, 0x00000000a5e00000, 0x00000000e0000000)
  object space 96256K, 18% used [0x00000000a0000000,0x00000000a1120440,0x00000000a5e00000)
 Metaspace       used 34723K, capacity 35432K, committed 35496K, reserved 1079296K
  class space    used 4670K, capacity 4851K, committed 4864K, reserved 1048576K
}
Event: 41.243 GC heap before
{Heap before GC invocations=12 (full 2):
 PSYoungGen      total 98816K, used 89088K [0x00000000e0000000, 0x00000000e8c80000, 0x0000000100000000)
  eden space 89088K, 100% used [0x00000000e0000000,0x00000000e5700000,0x00000000e5700000)
  from space 9728K, 0% used [0x00000000e5700000,0x00000000e5700000,0x00000000e6080000)
  to   space 9728K, 0% used [0x00000000e8300000,0x00000000e8300000,0x00000000e8c80000)
 ParOldGen       total 96256K, used 17537K [0x00000000a0000000, 0x00000000a5e00000, 0x00000000e0000000)
  object space 96256K, 18% used [0x00000000a0000000,0x00000000a1120440,0x00000000a5e00000)
 Metaspace       used 42326K, capacity 43282K, committed 43520K, reserved 1087488K
  class space    used 5665K, capacity 5886K, committed 5888K, reserved 1048576K
Event: 41.264 GC heap after
Heap after GC invocations=12 (full 2):
 PSYoungGen      total 123904K, used 9478K [0x00000000e0000000, 0x00000000e8c80000, 0x0000000100000000)
  eden space 114176K, 0% used [0x00000000e0000000,0x00000000e0000000,0x00000000e6f80000)
  from space 9728K, 97% used [0x00000000e8300000,0x00000000e8c41b30,0x00000000e8c80000)
  to   space 10752K, 0% used [0x00000000e7780000,0x00000000e7780000,0x00000000e8200000)
 ParOldGen       total 96256K, used 17545K [0x00000000a0000000, 0x00000000a5e00000, 0x00000000e0000000)
  object space 96256K, 18% used [0x00000000a0000000,0x00000000a1122440,0x00000000a5e00000)
 Metaspace       used 42326K, capacity 43282K, committed 43520K, reserved 1087488K
  class space    used 5665K, capacity 5886K, committed 5888K, reserved 1048576K
}
Event: 44.492 GC heap before
{Heap before GC invocations=13 (full 2):
 PSYoungGen      total 123904K, used 123654K [0x00000000e0000000, 0x00000000e8c80000, 0x0000000100000000)
  eden space 114176K, 100% used [0x00000000e0000000,0x00000000e6f80000,0x00000000e6f80000)
  from space 9728K, 97% used [0x00000000e8300000,0x00000000e8c41b30,0x00000000e8c80000)
  to   space 10752K, 0% used [0x00000000e7780000,0x00000000e7780000,0x00000000e8200000)
 ParOldGen       total 96256K, used 17545K [0x00000000a0000000, 0x00000000a5e00000, 0x00000000e0000000)
  object space 96256K, 18% used [0x00000000a0000000,0x00000000a1122440,0x00000000a5e00000)
 Metaspace       used 46021K, capacity 47294K, committed 47488K, reserved 1089536K
  class space    used 6201K, capacity 6518K, committed 6528K, reserved 1048576K
Event: 44.568 GC heap after
Heap after GC invocations=13 (full 2):
 PSYoungGen      total 133120K, used 10723K [0x00000000e0000000, 0x00000000eae80000, 0x0000000100000000)
  eden space 122368K, 0% used [0x00000000e0000000,0x00000000e0000000,0x00000000e7780000)
  from space 10752K, 99% used [0x00000000e7780000,0x00000000e81f8ca0,0x00000000e8200000)
  to   space 13312K, 0% used [0x00000000ea180000,0x00000000ea180000,0x00000000eae80000)
 ParOldGen       total 96256K, used 22191K [0x00000000a0000000, 0x00000000a5e00000, 0x00000000e0000000)
  object space 96256K, 23% used [0x00000000a0000000,0x00000000a15abe58,0x00000000a5e00000)
 Metaspace       used 46021K, capacity 47294K, committed 47488K, reserved 1089536K
  class space    used 6201K, capacity 6518K, committed 6528K, reserved 1048576K
}
Event: 49.833 GC heap before
{Heap before GC invocations=14 (full 2):
 PSYoungGen      total 133120K, used 133091K [0x00000000e0000000, 0x00000000eae80000, 0x0000000100000000)
  eden space 122368K, 100% used [0x00000000e0000000,0x00000000e7780000,0x00000000e7780000)
  from space 10752K, 99% used [0x00000000e7780000,0x00000000e81f8ca0,0x00000000e8200000)
  to   space 13312K, 0% used [0x00000000ea180000,0x00000000ea180000,0x00000000eae80000)
 ParOldGen       total 96256K, used 22191K [0x00000000a0000000, 0x00000000a5e00000, 0x00000000e0000000)
  object space 96256K, 23% used [0x00000000a0000000,0x00000000a15abe58,0x00000000a5e00000)
 Metaspace       used 51090K, capacity 52882K, committed 53120K, reserved 1095680K
  class space    used 6976K, capacity 7429K, committed 7552K, reserved 1048576K
Event: 49.898 GC heap after
Heap after GC invocations=14 (full 2):
 PSYoungGen      total 135680K, used 13280K [0x00000000e0000000, 0x00000000eae80000, 0x0000000100000000)
  eden space 122368K, 0% used [0x00000000e0000000,0x00000000e0000000,0x00000000e7780000)
  from space 13312K, 99% used [0x00000000ea180000,0x00000000eae78010,0x00000000eae80000)
  to   space 10752K, 0% used [0x00000000e7780000,0x00000000e7780000,0x00000000e8200000)
 ParOldGen       total 96256K, used 34953K [0x00000000a0000000, 0x00000000a5e00000, 0x00000000e0000000)
  object space 96256K, 36% used [0x00000000a0000000,0x00000000a2222618,0x00000000a5e00000)
 Metaspace       used 51090K, capacity 52882K, committed 53120K, reserved 1095680K
  class space    used 6976K, capacity 7429K, committed 7552K, reserved 1048576K
}

